[debug] [2025-11-26T08:48:24.793Z] ----------------------------------------------------------------------
[debug] [2025-11-26T08:48:24.796Z] Command:       C:\Program Files\nodejs\node.exe C:\Users\To Tram\AppData\Roaming\npm\node_modules\firebase-tools\lib\bin\firebase.js init hosting
[debug] [2025-11-26T08:48:24.797Z] CLI Version:   14.26.0
[debug] [2025-11-26T08:48:24.797Z] Platform:      win32
[debug] [2025-11-26T08:48:24.797Z] Node Version:  v22.20.0
[debug] [2025-11-26T08:48:24.797Z] Time:          Wed Nov 26 2025 15:48:24 GMT+0700 (Indochina Time)
[debug] [2025-11-26T08:48:24.797Z] ----------------------------------------------------------------------
[debug] 
[info] 
     ######## #### ########  ######## ########     ###     ######  ########
     ##        ##  ##     ## ##       ##     ##  ##   ##  ##       ##
     ######    ##  ########  ######   ########  #########  ######  ######
     ##        ##  ##    ##  ##       ##     ## ##     ##       ## ##
     ##       #### ##     ## ######## ########  ##     ##  ######  ########

You're about to initialize a Firebase project in this directory:

  C:\Users\To Tram\OneDrive\Desktop\ĐỒ ÁN\KLTN\Weather_AI_GIS

[info] 
=== Project Setup
[info] 
[info] First, let's associate this project directory with a Firebase project.
[info] You can create multiple project aliases by running firebase use --add, 
[info] 
[debug] [2025-11-26T08:49:55.992Z] > command requires scopes: ["email","openid","https://www.googleapis.com/auth/cloudplatformprojects.readonly","https://www.googleapis.com/auth/firebase","https://www.googleapis.com/auth/cloud-platform"]
[debug] [2025-11-26T08:49:55.992Z] > authorizing via signed-in user (phamhuynhtotram@gmail.com)
[debug] [2025-11-26T08:49:55.994Z] Checked if tokens are valid: true, expires at: 1764150490585
[debug] [2025-11-26T08:49:55.994Z] Checked if tokens are valid: true, expires at: 1764150490585
[debug] [2025-11-26T08:49:55.997Z] >>> [apiv2][query] GET https://firebase.googleapis.com/v1beta1/availableProjects pageSize=100
[debug] [2025-11-26T08:49:58.290Z] <<< [apiv2][status] GET https://firebase.googleapis.com/v1beta1/availableProjects 200
[debug] [2025-11-26T08:49:58.291Z] <<< [apiv2][body] GET https://firebase.googleapis.com/v1beta1/availableProjects [omitted]
[debug] [2025-11-26T08:50:30.982Z] Checked if tokens are valid: true, expires at: 1764150490585
[debug] [2025-11-26T08:50:30.982Z] Checked if tokens are valid: true, expires at: 1764150490585
[debug] [2025-11-26T08:50:30.983Z] >>> [apiv2][query] POST https://firebase.googleapis.com/v1beta1/projects/innate-mix-472508-g9:addFirebase [none]
[debug] [2025-11-26T08:50:31.771Z] <<< [apiv2][status] POST https://firebase.googleapis.com/v1beta1/projects/innate-mix-472508-g9:addFirebase 403
[debug] [2025-11-26T08:50:31.771Z] <<< [apiv2][body] POST https://firebase.googleapis.com/v1beta1/projects/innate-mix-472508-g9:addFirebase {"error":{"code":403,"message":"The caller does not have permission","status":"PERMISSION_DENIED"}}
[debug] [2025-11-26T08:50:31.772Z] Request to https://firebase.googleapis.com/v1beta1/projects/innate-mix-472508-g9:addFirebase had HTTP Error: 403, The caller does not have permission
[debug] [2025-11-26T08:50:31.775Z] FirebaseError: Request to https://firebase.googleapis.com/v1beta1/projects/innate-mix-472508-g9:addFirebase had HTTP Error: 403, The caller does not have permission
    at responseToError (C:\Users\To Tram\AppData\Roaming\npm\node_modules\firebase-tools\lib\responseToError.js:53:12)
    at RetryOperation._fn (C:\Users\To Tram\AppData\Roaming\npm\node_modules\firebase-tools\lib\apiv2.js:322:77)
    at process.processTicksAndRejections (node:internal/process/task_queues:105:5)
[error] 
[error] Error: Failed to add Firebase to Google Cloud Platform project. See firebase-debug.log for more info.
[debug] [2025-11-26T08:55:43.542Z] ----------------------------------------------------------------------
[debug] [2025-11-26T08:55:43.545Z] Command:       C:\Program Files\nodejs\node.exe C:\Users\To Tram\AppData\Roaming\npm\node_modules\firebase-tools\lib\bin\firebase.js init hosting
[debug] [2025-11-26T08:55:43.546Z] CLI Version:   14.26.0
[debug] [2025-11-26T08:55:43.546Z] Platform:      win32
[debug] [2025-11-26T08:55:43.546Z] Node Version:  v22.20.0
[debug] [2025-11-26T08:55:43.546Z] Time:          Wed Nov 26 2025 15:55:43 GMT+0700 (Indochina Time)
[debug] [2025-11-26T08:55:43.546Z] ----------------------------------------------------------------------
[debug] 
[info] 
     ######## #### ########  ######## ########     ###     ######  ########
     ##        ##  ##     ## ##       ##     ##  ##   ##  ##       ##
     ######    ##  ########  ######   ########  #########  ######  ######
     ##        ##  ##    ##  ##       ##     ## ##     ##       ## ##
     ##       #### ##     ## ######## ########  ##     ##  ######  ########

You're about to initialize a Firebase project in this directory:

  C:\Users\To Tram\OneDrive\Desktop\ĐỒ ÁN\KLTN\Weather_AI_GIS

[info] 
=== Project Setup
[info] 
[info] First, let's associate this project directory with a Firebase project.
[info] You can create multiple project aliases by running firebase use --add, 
[info] 
[debug] [2025-11-26T08:56:05.820Z] > command requires scopes: ["email","openid","https://www.googleapis.com/auth/cloudplatformprojects.readonly","https://www.googleapis.com/auth/firebase","https://www.googleapis.com/auth/cloud-platform"]
[debug] [2025-11-26T08:56:05.820Z] > authorizing via signed-in user (phamhuynhtotram@gmail.com)
[debug] [2025-11-26T08:56:05.822Z] Checked if tokens are valid: true, expires at: 1764150490585
[debug] [2025-11-26T08:56:05.822Z] Checked if tokens are valid: true, expires at: 1764150490585
[debug] [2025-11-26T08:56:05.824Z] >>> [apiv2][query] GET https://firebase.googleapis.com/v1beta1/availableProjects pageSize=100
[debug] [2025-11-26T08:56:08.049Z] <<< [apiv2][status] GET https://firebase.googleapis.com/v1beta1/availableProjects 200
[debug] [2025-11-26T08:56:08.049Z] <<< [apiv2][body] GET https://firebase.googleapis.com/v1beta1/availableProjects [omitted]
[debug] [2025-11-26T08:56:19.488Z] Checked if tokens are valid: true, expires at: 1764150490585
[debug] [2025-11-26T08:56:19.489Z] Checked if tokens are valid: true, expires at: 1764150490585
[debug] [2025-11-26T08:56:19.489Z] >>> [apiv2][query] POST https://firebase.googleapis.com/v1beta1/projects/innate-mix-472508-g9:addFirebase [none]
[debug] [2025-11-26T08:56:20.062Z] <<< [apiv2][status] POST https://firebase.googleapis.com/v1beta1/projects/innate-mix-472508-g9:addFirebase 403
[debug] [2025-11-26T08:56:20.062Z] <<< [apiv2][body] POST https://firebase.googleapis.com/v1beta1/projects/innate-mix-472508-g9:addFirebase {"error":{"code":403,"message":"The caller does not have permission","status":"PERMISSION_DENIED"}}
[debug] [2025-11-26T08:56:20.063Z] Request to https://firebase.googleapis.com/v1beta1/projects/innate-mix-472508-g9:addFirebase had HTTP Error: 403, The caller does not have permission
[debug] [2025-11-26T08:56:20.066Z] FirebaseError: Request to https://firebase.googleapis.com/v1beta1/projects/innate-mix-472508-g9:addFirebase had HTTP Error: 403, The caller does not have permission
    at responseToError (C:\Users\To Tram\AppData\Roaming\npm\node_modules\firebase-tools\lib\responseToError.js:53:12)
    at RetryOperation._fn (C:\Users\To Tram\AppData\Roaming\npm\node_modules\firebase-tools\lib\apiv2.js:322:77)
    at process.processTicksAndRejections (node:internal/process/task_queues:105:5)
[error] 
[error] Error: Failed to add Firebase to Google Cloud Platform project. See firebase-debug.log for more info.
[debug] [2025-11-26T08:56:49.980Z] ----------------------------------------------------------------------
[debug] [2025-11-26T08:56:49.982Z] Command:       C:\Program Files\nodejs\node.exe C:\Users\To Tram\AppData\Roaming\npm\node_modules\firebase-tools\lib\bin\firebase.js init hosting
[debug] [2025-11-26T08:56:49.983Z] CLI Version:   14.26.0
[debug] [2025-11-26T08:56:49.983Z] Platform:      win32
[debug] [2025-11-26T08:56:49.983Z] Node Version:  v22.20.0
[debug] [2025-11-26T08:56:49.984Z] Time:          Wed Nov 26 2025 15:56:49 GMT+0700 (Indochina Time)
[debug] [2025-11-26T08:56:49.984Z] ----------------------------------------------------------------------
[debug] 
[info] 
     ######## #### ########  ######## ########     ###     ######  ########
     ##        ##  ##     ## ##       ##     ##  ##   ##  ##       ##
     ######    ##  ########  ######   ########  #########  ######  ######
     ##        ##  ##    ##  ##       ##     ## ##     ##       ## ##
     ##       #### ##     ## ######## ########  ##     ##  ######  ########

You're about to initialize a Firebase project in this directory:

  C:\Users\To Tram\OneDrive\Desktop\ĐỒ ÁN\KLTN\Weather_AI_GIS

[info] 
=== Project Setup
[info] 
[info] First, let's associate this project directory with a Firebase project.
[info] You can create multiple project aliases by running firebase use --add, 
[info] 
[info] i  If you want to create a project in a Google Cloud organization or folder, please use "firebase projects:create" instead, and return to this command when you've created the project. 
[debug] [2025-11-26T08:57:11.211Z] > command requires scopes: ["email","openid","https://www.googleapis.com/auth/cloudplatformprojects.readonly","https://www.googleapis.com/auth/firebase","https://www.googleapis.com/auth/cloud-platform"]
[debug] [2025-11-26T08:57:11.212Z] > authorizing via signed-in user (phamhuynhtotram@gmail.com)
[debug] [2025-11-26T08:57:45.245Z] Checked if tokens are valid: true, expires at: 1764150490585
[debug] [2025-11-26T08:57:45.245Z] Checked if tokens are valid: true, expires at: 1764150490585
[debug] [2025-11-26T08:57:45.248Z] >>> [apiv2][query] POST https://firebase.googleapis.com/v1/projects:checkProjectId [none]
[debug] [2025-11-26T08:57:45.248Z] >>> [apiv2][body] POST https://firebase.googleapis.com/v1/projects:checkProjectId {"proposedId":"weather-AI-GIS"}
[debug] [2025-11-26T08:57:45.809Z] <<< [apiv2][status] POST https://firebase.googleapis.com/v1/projects:checkProjectId 200
[debug] [2025-11-26T08:57:45.809Z] <<< [apiv2][body] POST https://firebase.googleapis.com/v1/projects:checkProjectId {"projectIdStatus":"PROJECT_ID_NOT_VALID","suggestedProjectId":"weather-ai-gis"}
[debug] [2025-11-26T08:57:56.685Z] Checked if tokens are valid: true, expires at: 1764150490585
[debug] [2025-11-26T08:57:56.685Z] Checked if tokens are valid: true, expires at: 1764150490585
[debug] [2025-11-26T08:57:56.686Z] >>> [apiv2][query] POST https://firebase.googleapis.com/v1/projects:checkProjectId [none]
[debug] [2025-11-26T08:57:56.686Z] >>> [apiv2][body] POST https://firebase.googleapis.com/v1/projects:checkProjectId {"proposedId":"weather-ai-gis"}
[debug] [2025-11-26T08:57:57.189Z] <<< [apiv2][status] POST https://firebase.googleapis.com/v1/projects:checkProjectId 200
[debug] [2025-11-26T08:57:57.189Z] <<< [apiv2][body] POST https://firebase.googleapis.com/v1/projects:checkProjectId {"projectIdStatus":"PROJECT_ID_AVAILABLE","suggestedProjectId":"weather-ai-gis"}
[debug] [2025-11-26T08:58:55.508Z] Checked if tokens are valid: true, expires at: 1764150490585
[debug] [2025-11-26T08:58:55.508Z] Checked if tokens are valid: true, expires at: 1764150490585
[debug] [2025-11-26T08:58:55.509Z] >>> [apiv2][query] POST https://cloudresourcemanager.googleapis.com/v1/projects [none]
[debug] [2025-11-26T08:58:55.509Z] >>> [apiv2][body] POST https://cloudresourcemanager.googleapis.com/v1/projects {"projectId":"weather-ai-gis","name":"weather-ai-gis"}
[debug] [2025-11-26T08:58:58.124Z] <<< [apiv2][status] POST https://cloudresourcemanager.googleapis.com/v1/projects 200
[debug] [2025-11-26T08:58:58.124Z] <<< [apiv2][body] POST https://cloudresourcemanager.googleapis.com/v1/projects {"name":"operations/create_project.global.4979283749314129189"}
[debug] [2025-11-26T08:58:58.126Z] Checked if tokens are valid: true, expires at: 1764150490585
[debug] [2025-11-26T08:58:58.126Z] Checked if tokens are valid: true, expires at: 1764150490585
[debug] [2025-11-26T08:58:58.127Z] >>> [apiv2][query] GET https://cloudresourcemanager.googleapis.com/v1/operations/create_project.global.4979283749314129189 [none]
[debug] [2025-11-26T08:58:59.150Z] <<< [apiv2][status] GET https://cloudresourcemanager.googleapis.com/v1/operations/create_project.global.4979283749314129189 200
[debug] [2025-11-26T08:58:59.150Z] <<< [apiv2][body] GET https://cloudresourcemanager.googleapis.com/v1/operations/create_project.global.4979283749314129189 {"name":"operations/create_project.global.4979283749314129189"}
[debug] [2025-11-26T08:58:59.664Z] [Project Creation Poller] Retrying task index 0
[debug] [2025-11-26T08:58:59.664Z] Checked if tokens are valid: true, expires at: 1764150490585
[debug] [2025-11-26T08:58:59.665Z] Checked if tokens are valid: true, expires at: 1764150490585
[debug] [2025-11-26T08:58:59.665Z] >>> [apiv2][query] GET https://cloudresourcemanager.googleapis.com/v1/operations/create_project.global.4979283749314129189 [none]
[debug] [2025-11-26T08:58:59.972Z] <<< [apiv2][status] GET https://cloudresourcemanager.googleapis.com/v1/operations/create_project.global.4979283749314129189 200
[debug] [2025-11-26T08:58:59.972Z] <<< [apiv2][body] GET https://cloudresourcemanager.googleapis.com/v1/operations/create_project.global.4979283749314129189 {"name":"operations/create_project.global.4979283749314129189","metadata":{"@type":"type.googleapis.com/google.cloudresourcemanager.v1.ProjectCreationStatus","gettable":true,"ready":true},"done":true,"response":{"@type":"type.googleapis.com/google.cloudresourcemanager.v1.Project","projectNumber":"648235241208","projectId":"weather-ai-gis","lifecycleState":"ACTIVE","name":"weather-ai-gis","createTime":"2025-11-26T08:59:00.853189Z"}}
[debug] [2025-11-26T08:58:59.974Z] Checked if tokens are valid: true, expires at: 1764150490585
[debug] [2025-11-26T08:58:59.975Z] Checked if tokens are valid: true, expires at: 1764150490585
[debug] [2025-11-26T08:58:59.975Z] >>> [apiv2][query] POST https://firebase.googleapis.com/v1beta1/projects/weather-ai-gis:addFirebase [none]
[debug] [2025-11-26T08:59:01.400Z] <<< [apiv2][status] POST https://firebase.googleapis.com/v1beta1/projects/weather-ai-gis:addFirebase 403
[debug] [2025-11-26T08:59:01.400Z] <<< [apiv2][body] POST https://firebase.googleapis.com/v1beta1/projects/weather-ai-gis:addFirebase {"error":{"code":403,"message":"The caller does not have permission","status":"PERMISSION_DENIED"}}
[debug] [2025-11-26T08:59:01.401Z] Request to https://firebase.googleapis.com/v1beta1/projects/weather-ai-gis:addFirebase had HTTP Error: 403, The caller does not have permission
[debug] [2025-11-26T08:59:01.402Z] FirebaseError: Request to https://firebase.googleapis.com/v1beta1/projects/weather-ai-gis:addFirebase had HTTP Error: 403, The caller does not have permission
    at responseToError (C:\Users\To Tram\AppData\Roaming\npm\node_modules\firebase-tools\lib\responseToError.js:53:12)
    at RetryOperation._fn (C:\Users\To Tram\AppData\Roaming\npm\node_modules\firebase-tools\lib\apiv2.js:322:77)
    at process.processTicksAndRejections (node:internal/process/task_queues:105:5)
[error] 
[error] Error: Failed to add Firebase to Google Cloud Platform project. See firebase-debug.log for more info.
